\BOOKMARK [0][-]{chapter.1}{\376\377\000I\000n\000t\000r\000o\000d\000u\000c\000t\000i\000o\000n}{}% 1
\BOOKMARK [1][-]{section.1.1}{\376\377\000G\000e\000t\000t\000i\000n\000g\000\040\000S\000t\000a\000r\000t\000e\000d}{chapter.1}% 2
\BOOKMARK [2][-]{subsection.1.1.1}{\376\377\000B\000u\000i\000l\000d\000\040\000I\000n\000s\000t\000r\000u\000c\000t\000i\000o\000n\000s}{section.1.1}% 3
\BOOKMARK [2][-]{subsection.1.1.2}{\376\377\000R\000u\000n\000n\000i\000n\000g}{section.1.1}% 4
\BOOKMARK [1][-]{section.1.2}{\376\377\000C\000a\000r\000t\000e\000s\000i\000a\000n\000\040\000G\000r\000i\000d\000\040\000G\000e\000n\000e\000r\000a\000t\000o\000r\000\040\000U\000s\000e\000r\000\040\000G\000u\000i\000d\000e}{chapter.1}% 5
\BOOKMARK [2][-]{subsection.1.2.1}{\376\377\000G\000e\000n\000e\000r\000a\000t\000e\000\040\000U\000n\000i\000f\000o\000r\000m\000\040\000G\000r\000i\000d}{section.1.2}% 6
\BOOKMARK [2][-]{subsection.1.2.2}{\376\377\000G\000e\000n\000e\000r\000a\000t\000e\000\040\000R\000a\000d\000i\000a\000l\000\040\000G\000r\000i\000d}{section.1.2}% 7
\BOOKMARK [2][-]{subsection.1.2.3}{\376\377\000G\000e\000n\000e\000r\000a\000t\000e\000\040\000T\000e\000l\000e\000s\000c\000o\000p\000i\000n\000g\000\040\000G\000r\000i\000d}{section.1.2}% 8
\BOOKMARK [2][-]{subsection.1.2.4}{\376\377\000I\000m\000p\000o\000r\000t\000\040\000G\000r\000i\000d\000s\000\040\000f\000r\000o\000m\000\040\000F\000i\000l\000e\000s}{section.1.2}% 9
\BOOKMARK [1][-]{section.1.3}{\376\377\000I\000n\000p\000u\000t\000\040\000F\000i\000l\000e\000s}{chapter.1}% 10
\BOOKMARK [2][-]{subsection.1.3.1}{\376\377\000R\000u\000n\000\040\000C\000o\000n\000t\000r\000o\000l}{section.1.3}% 11
\BOOKMARK [2][-]{subsection.1.3.2}{\376\377\000H\000y\000d\000r\000o\000d\000y\000n\000a\000m\000i\000c\000s}{section.1.3}% 12
\BOOKMARK [2][-]{subsection.1.3.3}{\376\377\000C\000o\000n\000s\000t\000i\000t\000u\000e\000n\000t\000\040\000T\000r\000a\000n\000s\000p\000o\000r\000t}{section.1.3}% 13
\BOOKMARK [2][-]{subsection.1.3.4}{\376\377\000W\000a\000t\000e\000r\000\040\000Q\000u\000a\000l\000i\000t\000y}{section.1.3}% 14
\BOOKMARK [2][-]{subsection.1.3.5}{\376\377\000S\000e\000d\000i\000m\000e\000n\000t}{section.1.3}% 15
\BOOKMARK [2][-]{subsection.1.3.6}{\376\377\000T\000o\000x\000i\000c\000s}{section.1.3}% 16
\BOOKMARK [2][-]{subsection.1.3.7}{\376\377\000L\000a\000g\000r\000a\000n\000g\000i\000a\000n\000\040\000P\000a\000r\000t\000i\000c\000l\000e\000\040\000T\000r\000a\000c\000k\000i\000n\000g}{section.1.3}% 17
\BOOKMARK [1][-]{section.1.4}{\376\377\000O\000u\000t\000p\000u\000t\000\040\000F\000i\000l\000e\000s}{chapter.1}% 18
\BOOKMARK [2][-]{subsection.1.4.1}{\376\377\000O\000u\000t\000p\000u\000t\000\040\000F\000i\000l\000e\000s}{section.1.4}% 19
\BOOKMARK [2][-]{subsection.1.4.2}{\376\377\000G\000e\000t\000E\000F\000D\000C}{section.1.4}% 20
\BOOKMARK [1][-]{section.1.5}{\376\377\000S\000a\000m\000p\000l\000e\000\040\000M\000o\000d\000e\000l\000s}{chapter.1}% 21
\BOOKMARK [2][-]{subsection.1.5.1}{\376\377\000S\000q\000u\000a\000r\000e\000\040\000H\000a\000r\000b\000o\000r\000\040\000T\000e\000s\000t\000\040\000C\000a\000s\000e}{section.1.5}% 22
\BOOKMARK [1][-]{section.1.6}{\376\377\000L\000i\000c\000e\000n\000s\000e}{chapter.1}% 23
\BOOKMARK [0][-]{chapter*.136}{\376\377\000B\000i\000b\000l\000i\000o\000g\000r\000a\000p\000h\000y}{}% 24
